0 info it worked if it ends with ok
1 verbose cli [ 'C:\\Program Files\\nodejs\\node.exe',
1 verbose cli   'C:\\Program Files\\nodejs\\node_modules\\npm\\bin\\npm-cli.js',
1 verbose cli   'start' ]
2 info using npm@3.10.10
3 info using node@v6.10.2
4 verbose run-script [ 'prestart', 'start', 'poststart' ]
5 info lifecycle pokedex@1.0.0~prestart: pokedex@1.0.0
6 silly lifecycle pokedex@1.0.0~prestart: no script for prestart, continuing
7 info lifecycle pokedex@1.0.0~start: pokedex@1.0.0
8 verbose lifecycle pokedex@1.0.0~start: unsafe-perm in lifecycle true
9 verbose lifecycle pokedex@1.0.0~start: PATH: C:\Program Files\nodejs\node_modules\npm\bin\node-gyp-bin;C:\xampp\htdocs\pokedex\node_modules\.bin;C:\Program Files\Docker\Docker\Resources\bin;C:\Program Files (x86)\Intel\iCLS Client\;C:\Program Files\Intel\iCLS Client\;C:\WINDOWS\system32;C:\WINDOWS;C:\WINDOWS\System32\Wbem;C:\WINDOWS\System32\WindowsPowerShell\v1.0\;C:\Program Files (x86)\Windows Live\Shared;C:\Program Files\Intel\Intel(R) Management Engine Components\DAL;C:\Program Files\Intel\Intel(R) Management Engine Components\IPT;C:\Program Files (x86)\Intel\Intel(R) Management Engine Components\DAL;C:\Program Files (x86)\Intel\Intel(R) Management Engine Components\IPT;C:\Program Files (x86)\Intel\OpenCL SDK\2.0\bin\x86;C:\Program Files (x86)\Intel\OpenCL SDK\2.0\bin\x64;C:\Program Files\OpenVPN\bin;C:\Program Files\TortoiseSVN\bin;C:\xampp\php;C:\Program Files\MongoDB\Server\3.2\bin;C:\Program Files\Git\cmd;C:\Program Files\Git\mingw64\bin;C:\Program Files\Git\usr\bin;c:\Program Files\Sublime Text 3\;C:\ProgramData\ComposerSetup\bin;C:\xampp\zend-install\bin\;C:\xampp\htdocs\phalcon;C:\Program Files (x86)\Skype\Phone\;C:\Program Files\nodejs\;C:\Program Files\PuTTY\;C:\Users\powell\AppData\Roaming\Composer\vendor\bin;C:\Users\powell\AppData\Local\Microsoft\WindowsApps;C:\Users\powell\AppData\Roaming\npm;C:\Users\powell\AppData\Local\Pandoc\;C:\Program Files\Heroku\bin;C:\Users\powell\AppData\Local\atom\bin
10 verbose lifecycle pokedex@1.0.0~start: CWD: C:\xampp\htdocs\pokedex
11 silly lifecycle pokedex@1.0.0~start: Args: [ '/d /s /c', 'babel-node ./App/Server.js' ]
12 silly lifecycle pokedex@1.0.0~start: Returned: code: 1  signal: null
13 info lifecycle pokedex@1.0.0~start: Failed to exec start script
14 verbose stack Error: pokedex@1.0.0 start: `babel-node ./App/Server.js`
14 verbose stack Exit status 1
14 verbose stack     at EventEmitter.<anonymous> (C:\Program Files\nodejs\node_modules\npm\lib\utils\lifecycle.js:255:16)
14 verbose stack     at emitTwo (events.js:106:13)
14 verbose stack     at EventEmitter.emit (events.js:191:7)
14 verbose stack     at ChildProcess.<anonymous> (C:\Program Files\nodejs\node_modules\npm\lib\utils\spawn.js:40:14)
14 verbose stack     at emitTwo (events.js:106:13)
14 verbose stack     at ChildProcess.emit (events.js:191:7)
14 verbose stack     at maybeClose (internal/child_process.js:886:16)
14 verbose stack     at Process.ChildProcess._handle.onexit (internal/child_process.js:226:5)
15 verbose pkgid pokedex@1.0.0
16 verbose cwd C:\xampp\htdocs\pokedex
17 error Windows_NT 10.0.15063
18 error argv "C:\\Program Files\\nodejs\\node.exe" "C:\\Program Files\\nodejs\\node_modules\\npm\\bin\\npm-cli.js" "start"
19 error node v6.10.2
20 error npm  v3.10.10
21 error code ELIFECYCLE
22 error pokedex@1.0.0 start: `babel-node ./App/Server.js`
22 error Exit status 1
23 error Failed at the pokedex@1.0.0 start script 'babel-node ./App/Server.js'.
23 error Make sure you have the latest version of node.js and npm installed.
23 error If you do, this is most likely a problem with the pokedex package,
23 error not with npm itself.
23 error Tell the author that this fails on your system:
23 error     babel-node ./App/Server.js
23 error You can get information on how to open an issue for this project with:
23 error     npm bugs pokedex
23 error Or if that isn't available, you can get their info via:
23 error     npm owner ls pokedex
23 error There is likely additional logging output above.
24 verbose exit [ 1, true ]
